This file contains any messages produced by compilers while
running configure, to aid debugging if configure makes a mistake.

It was created by libazftp configure 0.1.0, which was
generated by GNU Autoconf 2.63.  Invocation command line was

  $ ./configure 

## --------- ##
## Platform. ##
## --------- ##

hostname = rvp
uname -m = x86_64
uname -r = 2.6.32-573.el6.x86_64
uname -s = Linux
uname -v = #1 SMP Thu Jul 23 15:44:03 UTC 2015

/usr/bin/uname -p = unknown
/bin/uname -X     = unknown

/bin/arch              = x86_64
/usr/bin/arch -k       = unknown
/usr/convex/getsysinfo = unknown
/usr/bin/hostinfo      = unknown
/bin/machine           = unknown
/usr/bin/oslevel       = unknown
/bin/universe          = unknown

PATH: /usr/local/sbin
PATH: /usr/local/bin
PATH: /sbin
PATH: /bin
PATH: /usr/sbin
PATH: /usr/bin
PATH: /root/bin


## ----------- ##
## Core tests. ##
## ----------- ##

configure:2138: checking for a BSD-compatible install
configure:2206: result: /usr/bin/install -c
configure:2217: checking whether build environment is sane
configure:2277: result: yes
configure:2418: checking for a thread-safe mkdir -p
configure:2457: result: /bin/mkdir -p
configure:2470: checking for gawk
configure:2486: found /bin/gawk
configure:2497: result: gawk
configure:2508: checking whether make sets $(MAKE)
configure:2530: result: yes
configure:2618: checking build system type
configure:2636: result: x86_64-unknown-linux-gnu
configure:2658: checking host system type
configure:2673: result: x86_64-unknown-linux-gnu
configure:2749: checking for gcc
configure:2765: found /usr/bin/gcc
configure:2776: result: gcc
configure:3008: checking for C compiler version
configure:3016: gcc --version >&5
gcc (GCC) 4.4.7 20120313 (Red Hat 4.4.7-23)
Copyright (C) 2010 Free Software Foundation, Inc.
This is free software; see the source for copying conditions.  There is NO
warranty; not even for MERCHANTABILITY or FITNESS FOR A PARTICULAR PURPOSE.

configure:3020: $? = 0
configure:3027: gcc -v >&5
Using built-in specs.
Target: x86_64-redhat-linux
Configured with: ../configure --prefix=/usr --mandir=/usr/share/man --infodir=/usr/share/info --with-bugurl=http://bugzilla.redhat.com/bugzilla --enable-bootstrap --enable-shared --enable-threads=posix --enable-checking=release --with-system-zlib --enable-__cxa_atexit --disable-libunwind-exceptions --enable-gnu-unique-object --enable-languages=c,c++,objc,obj-c++,java,fortran,ada --enable-java-awt=gtk --disable-dssi --with-java-home=/usr/lib/jvm/java-1.5.0-gcj-1.5.0.0/jre --enable-libgcj-multifile --enable-java-maintainer-mode --with-ecj-jar=/usr/share/java/eclipse-ecj.jar --disable-libjava-multilib --with-ppl --with-cloog --with-tune=generic --with-arch_32=i686 --build=x86_64-redhat-linux
Thread model: posix
gcc version 4.4.7 20120313 (Red Hat 4.4.7-23) (GCC) 
configure:3031: $? = 0
configure:3038: gcc -V >&5
gcc: '-V' option must have argument
configure:3042: $? = 1
configure:3065: checking for C compiler default output file name
configure:3087: gcc    conftest.c  >&5
configure:3091: $? = 0
configure:3129: result: a.out
configure:3148: checking whether the C compiler works
configure:3158: ./a.out
configure:3162: $? = 0
configure:3181: result: yes
configure:3188: checking whether we are cross compiling
configure:3190: result: no
configure:3193: checking for suffix of executables
configure:3200: gcc -o conftest    conftest.c  >&5
configure:3204: $? = 0
configure:3230: result: 
configure:3236: checking for suffix of object files
configure:3262: gcc -c   conftest.c >&5
configure:3266: $? = 0
configure:3291: result: o
configure:3295: checking whether we are using the GNU C compiler
configure:3324: gcc -c   conftest.c >&5
configure:3331: $? = 0
configure:3348: result: yes
configure:3357: checking whether gcc accepts -g
configure:3387: gcc -c -g  conftest.c >&5
configure:3394: $? = 0
configure:3495: result: yes
configure:3512: checking for gcc option to accept ISO C89
configure:3586: gcc  -c -g -O2  conftest.c >&5
configure:3593: $? = 0
configure:3616: result: none needed
configure:3645: checking for style of include used by make
configure:3673: result: GNU
configure:3698: checking dependency style of gcc
configure:3808: result: gcc3
configure:3849: checking for a sed that does not truncate output
configure:3915: result: /bin/sed
configure:3933: checking for grep that handles long lines and -e
configure:3993: result: /bin/grep
configure:3998: checking for egrep
configure:4062: result: /bin/grep -E
configure:4067: checking for fgrep
configure:4131: result: /bin/grep -F
configure:4166: checking for ld used by gcc
configure:4233: result: /usr/bin/ld
configure:4242: checking if the linker (/usr/bin/ld) is GNU ld
configure:4257: result: yes
configure:4269: checking for BSD- or MS-compatible name lister (nm)
configure:4318: result: /usr/bin/nm -B
configure:4436: checking the name lister (/usr/bin/nm -B) interface
configure:4443: gcc -c -g -O2  conftest.c >&5
configure:4446: /usr/bin/nm -B "conftest.o"
configure:4449: output
0000000000000000 B some_variable
configure:4456: result: BSD nm
configure:4459: checking whether ln -s works
configure:4463: result: yes
configure:4471: checking the maximum length of command line arguments
configure:4591: result: 1966080
configure:4608: checking whether the shell understands some XSI constructs
configure:4618: result: yes
configure:4622: checking whether the shell understands "+="
configure:4628: result: yes
configure:4663: checking for /usr/bin/ld option to reload object files
configure:4670: result: -r
configure:4739: checking for objdump
configure:4755: found /usr/bin/objdump
configure:4766: result: objdump
configure:4798: checking how to recognize dependent libraries
configure:4994: result: pass_all
configure:5054: checking for ar
configure:5070: found /usr/bin/ar
configure:5081: result: ar
configure:5159: checking for strip
configure:5175: found /usr/bin/strip
configure:5186: result: strip
configure:5258: checking for ranlib
configure:5274: found /usr/bin/ranlib
configure:5285: result: ranlib
configure:5375: checking command to parse /usr/bin/nm -B output from gcc object
configure:5493: gcc -c -g -O2  conftest.c >&5
configure:5496: $? = 0
configure:5500: /usr/bin/nm -B conftest.o \| sed -n -e 's/^.*[	 ]\([ABCDGIRSTW][ABCDGIRSTW]*\)[	 ][	 ]*\([_A-Za-z][_A-Za-z0-9]*\)$/\1 \2 \2/p' \> conftest.nm
configure:5503: $? = 0
configure:5557: gcc -o conftest -g -O2   conftest.c conftstm.o >&5
configure:5560: $? = 0
configure:5598: result: ok
configure:5694: gcc -c -g -O2  conftest.c >&5
configure:5697: $? = 0
configure:6465: checking how to run the C preprocessor
configure:6505: gcc -E  conftest.c
configure:6512: $? = 0
configure:6543: gcc -E  conftest.c
conftest.c:10:28: error: ac_nonexistent.h: No such file or directory
configure:6550: $? = 1
configure: failed program was:
| /* confdefs.h.  */
| #define PACKAGE_NAME "libazftp"
| #define PACKAGE_TARNAME "libazftp"
| #define PACKAGE_VERSION "0.1.0"
| #define PACKAGE_STRING "libazftp 0.1.0"
| #define PACKAGE_BUGREPORT "449273151@qq.com"
| #define PACKAGE "libazftp"
| #define VERSION "0.1.0"
| /* end confdefs.h.  */
| #include <ac_nonexistent.h>
configure:6583: result: gcc -E
configure:6612: gcc -E  conftest.c
configure:6619: $? = 0
configure:6650: gcc -E  conftest.c
conftest.c:10:28: error: ac_nonexistent.h: No such file or directory
configure:6657: $? = 1
configure: failed program was:
| /* confdefs.h.  */
| #define PACKAGE_NAME "libazftp"
| #define PACKAGE_TARNAME "libazftp"
| #define PACKAGE_VERSION "0.1.0"
| #define PACKAGE_STRING "libazftp 0.1.0"
| #define PACKAGE_BUGREPORT "449273151@qq.com"
| #define PACKAGE "libazftp"
| #define VERSION "0.1.0"
| /* end confdefs.h.  */
| #include <ac_nonexistent.h>
configure:6697: checking for ANSI C header files
configure:6727: gcc -c -g -O2  conftest.c >&5
configure:6734: $? = 0
configure:6833: gcc -o conftest -g -O2   conftest.c  >&5
configure:6837: $? = 0
configure:6843: ./conftest
configure:6847: $? = 0
configure:6865: result: yes
configure:6889: checking for sys/types.h
configure:6910: gcc -c -g -O2  conftest.c >&5
configure:6917: $? = 0
configure:6934: result: yes
configure:6889: checking for sys/stat.h
configure:6910: gcc -c -g -O2  conftest.c >&5
configure:6917: $? = 0
configure:6934: result: yes
configure:6889: checking for stdlib.h
configure:6910: gcc -c -g -O2  conftest.c >&5
configure:6917: $? = 0
configure:6934: result: yes
configure:6889: checking for string.h
configure:6910: gcc -c -g -O2  conftest.c >&5
configure:6917: $? = 0
configure:6934: result: yes
configure:6889: checking for memory.h
configure:6910: gcc -c -g -O2  conftest.c >&5
configure:6917: $? = 0
configure:6934: result: yes
configure:6889: checking for strings.h
configure:6910: gcc -c -g -O2  conftest.c >&5
configure:6917: $? = 0
configure:6934: result: yes
configure:6889: checking for inttypes.h
configure:6910: gcc -c -g -O2  conftest.c >&5
configure:6917: $? = 0
configure:6934: result: yes
configure:6889: checking for stdint.h
configure:6910: gcc -c -g -O2  conftest.c >&5
configure:6917: $? = 0
configure:6934: result: yes
configure:6889: checking for unistd.h
configure:6910: gcc -c -g -O2  conftest.c >&5
configure:6917: $? = 0
configure:6934: result: yes
configure:6952: checking for dlfcn.h
configure:6973: gcc -c -g -O2  conftest.c >&5
configure:6980: $? = 0
configure:6997: result: yes
configure:7183: checking for objdir
configure:7198: result: .libs
configure:7490: checking if gcc supports -fno-rtti -fno-exceptions
configure:7508: gcc -c -g -O2  -fno-rtti -fno-exceptions conftest.c >&5
cc1: warning: command line option "-fno-rtti" is valid for C++/ObjC++ but not for C
configure:7512: $? = 0
configure:7525: result: no
configure:7545: checking for gcc option to produce PIC
configure:7817: result: -fPIC -DPIC
configure:7829: checking if gcc PIC flag -fPIC -DPIC works
configure:7847: gcc -c -g -O2  -fPIC -DPIC -DPIC conftest.c >&5
configure:7851: $? = 0
configure:7864: result: yes
configure:7888: checking if gcc static flag -static works
configure:7916: result: no
configure:7931: checking if gcc supports -c -o file.o
configure:7952: gcc -c -g -O2  -o out/conftest2.o conftest.c >&5
configure:7956: $? = 0
configure:7978: result: yes
configure:7986: checking if gcc supports -c -o file.o
configure:8033: result: yes
configure:8066: checking whether the gcc linker (/usr/bin/ld -m elf_x86_64) supports shared libraries
configure:9140: result: yes
configure:9177: checking whether -lc should be explicitly linked in
configure:9182: gcc -c -g -O2  conftest.c >&5
configure:9185: $? = 0
configure:9200: gcc -shared conftest.o  -v -Wl,-soname -Wl,conftest -o conftest 2\>\&1 \| /bin/grep  -lc  \>/dev/null 2\>\&1
configure:9203: $? = 0
configure:9215: result: no
configure:9379: checking dynamic linker characteristics
configure:9822: gcc -o conftest -g -O2   -Wl,-rpath -Wl,/foo conftest.c  >&5
configure:9829: $? = 0
configure:10065: result: GNU/Linux ld.so
configure:10167: checking how to hardcode library paths into programs
configure:10192: result: immediate
configure:11025: checking whether stripping libraries is possible
configure:11030: result: yes
configure:11065: checking if libtool supports shared libraries
configure:11067: result: yes
configure:11070: checking whether to build shared libraries
configure:11091: result: yes
configure:11094: checking whether to build static libraries
configure:11098: result: yes
configure:11135: checking whether gcc and cc understand -c and -o together
configure:11170: gcc -c conftest.c -o conftest2.o >&5
configure:11174: $? = 0
configure:11180: gcc -c conftest.c -o conftest2.o >&5
configure:11184: $? = 0
configure:11195: cc -c conftest.c >&5
configure:11199: $? = 0
configure:11207: cc -c conftest.c -o conftest2.o >&5
configure:11211: $? = 0
configure:11217: cc -c conftest.c -o conftest2.o >&5
configure:11221: $? = 0
configure:11239: result: yes
configure:11270: checking for clock_gettime in -lrt
configure:11305: gcc -o conftest -g -O2  -L/usr/lib64/libazctools/ conftest.c -lrt   >&5
configure:11312: $? = 0
configure:11333: result: yes
configure:11347: checking for dlopen in -ldl
configure:11382: gcc -o conftest -g -O2  -L/usr/lib64/libazctools/ conftest.c -ldl  -lrt  >&5
configure:11389: $? = 0
configure:11410: result: yes
configure:11424: checking for pthread_mutex_init in -lpthread
configure:11459: gcc -o conftest -g -O2  -L/usr/lib64/libazctools/ conftest.c -lpthread  -ldl -lrt  >&5
configure:11466: $? = 0
configure:11487: result: yes
configure:11502: checking for az_memp_create in -lazmemp
configure:11537: gcc -o conftest -g -O2  -L/usr/lib64/libazctools/ conftest.c -lazmemp  -lpthread -ldl -lrt  >&5
configure:11544: $? = 0
configure:11565: result: yes
configure:11579: checking for az_create_thread in -laztools
configure:11614: gcc -o conftest -g -O2  -L/usr/lib64/libazctools/ conftest.c -laztools  -lazmemp -lpthread -ldl -lrt  >&5
configure:11621: $? = 0
configure:11642: result: yes
configure:11656: checking for az_cnf_parser in -laztools
configure:11691: gcc -o conftest -g -O2  -L/usr/lib64/libazctools/ conftest.c -laztools  -laztools -lazmemp -lpthread -ldl -lrt  >&5
configure:11698: $? = 0
configure:11719: result: yes
configure:11733: checking for az_list_init in -lazlist
configure:11768: gcc -o conftest -g -O2  -L/usr/lib64/libazctools/ conftest.c -lazlist  -laztools -laztools -lazmemp -lpthread -ldl -lrt  >&5
configure:11775: $? = 0
configure:11796: result: yes
configure:11810: checking for az_log_init in -lazlog
configure:11845: gcc -o conftest -g -O2  -L/usr/lib64/libazctools/ conftest.c -lazlog  -lazlist -laztools -laztools -lazmemp -lpthread -ldl -lrt  >&5
configure:11852: $? = 0
configure:11873: result: yes
configure:11887: checking for az_taskp_create in -laztaskp
configure:11922: gcc -o conftest -g -O2  -L/usr/lib64/libazctools/ conftest.c -laztaskp  -lazlog -lazlist -laztools -laztools -lazmemp -lpthread -ldl -lrt  >&5
configure:11929: $? = 0
configure:11950: result: yes
configure:12006: checking for ranlib
configure:12033: result: ranlib
configure:12132: checking arpa/inet.h usability
configure:12149: gcc -c -g -O2  conftest.c >&5
configure:12156: $? = 0
configure:12170: result: yes
configure:12174: checking arpa/inet.h presence
configure:12189: gcc -E  conftest.c
configure:12196: $? = 0
configure:12210: result: yes
configure:12243: checking for arpa/inet.h
configure:12252: result: yes
configure:12132: checking fcntl.h usability
configure:12149: gcc -c -g -O2  conftest.c >&5
configure:12156: $? = 0
configure:12170: result: yes
configure:12174: checking fcntl.h presence
configure:12189: gcc -E  conftest.c
configure:12196: $? = 0
configure:12210: result: yes
configure:12243: checking for fcntl.h
configure:12252: result: yes
configure:12132: checking malloc.h usability
configure:12149: gcc -c -g -O2  conftest.c >&5
configure:12156: $? = 0
configure:12170: result: yes
configure:12174: checking malloc.h presence
configure:12189: gcc -E  conftest.c
configure:12196: $? = 0
configure:12210: result: yes
configure:12243: checking for malloc.h
configure:12252: result: yes
configure:12132: checking mntent.h usability
configure:12149: gcc -c -g -O2  conftest.c >&5
configure:12156: $? = 0
configure:12170: result: yes
configure:12174: checking mntent.h presence
configure:12189: gcc -E  conftest.c
configure:12196: $? = 0
configure:12210: result: yes
configure:12243: checking for mntent.h
configure:12252: result: yes
configure:12132: checking netinet/in.h usability
configure:12149: gcc -c -g -O2  conftest.c >&5
configure:12156: $? = 0
configure:12170: result: yes
configure:12174: checking netinet/in.h presence
configure:12189: gcc -E  conftest.c
configure:12196: $? = 0
configure:12210: result: yes
configure:12243: checking for netinet/in.h
configure:12252: result: yes
configure:12132: checking stddef.h usability
configure:12149: gcc -c -g -O2  conftest.c >&5
configure:12156: $? = 0
configure:12170: result: yes
configure:12174: checking stddef.h presence
configure:12189: gcc -E  conftest.c
configure:12196: $? = 0
configure:12210: result: yes
configure:12243: checking for stddef.h
configure:12252: result: yes
configure:12121: checking for stdint.h
configure:12128: result: yes
configure:12121: checking for stdlib.h
configure:12128: result: yes
configure:12121: checking for string.h
configure:12128: result: yes
configure:12132: checking sys/ioctl.h usability
configure:12149: gcc -c -g -O2  conftest.c >&5
configure:12156: $? = 0
configure:12170: result: yes
configure:12174: checking sys/ioctl.h presence
configure:12189: gcc -E  conftest.c
configure:12196: $? = 0
configure:12210: result: yes
configure:12243: checking for sys/ioctl.h
configure:12252: result: yes
configure:12132: checking sys/socket.h usability
configure:12149: gcc -c -g -O2  conftest.c >&5
configure:12156: $? = 0
configure:12170: result: yes
configure:12174: checking sys/socket.h presence
configure:12189: gcc -E  conftest.c
configure:12196: $? = 0
configure:12210: result: yes
configure:12243: checking for sys/socket.h
configure:12252: result: yes
configure:12132: checking sys/statfs.h usability
configure:12149: gcc -c -g -O2  conftest.c >&5
configure:12156: $? = 0
configure:12170: result: yes
configure:12174: checking sys/statfs.h presence
configure:12189: gcc -E  conftest.c
configure:12196: $? = 0
configure:12210: result: yes
configure:12243: checking for sys/statfs.h
configure:12252: result: yes
configure:12132: checking sys/time.h usability
configure:12149: gcc -c -g -O2  conftest.c >&5
configure:12156: $? = 0
configure:12170: result: yes
configure:12174: checking sys/time.h presence
configure:12189: gcc -E  conftest.c
configure:12196: $? = 0
configure:12210: result: yes
configure:12243: checking for sys/time.h
configure:12252: result: yes
configure:12132: checking sys/timeb.h usability
configure:12149: gcc -c -g -O2  conftest.c >&5
configure:12156: $? = 0
configure:12170: result: yes
configure:12174: checking sys/timeb.h presence
configure:12189: gcc -E  conftest.c
configure:12196: $? = 0
configure:12210: result: yes
configure:12243: checking for sys/timeb.h
configure:12252: result: yes
configure:12121: checking for unistd.h
configure:12128: result: yes
configure:12132: checking azctools/az_memp.h usability
configure:12149: gcc -c -g -O2  conftest.c >&5
configure:12156: $? = 0
configure:12170: result: yes
configure:12174: checking azctools/az_memp.h presence
configure:12189: gcc -E  conftest.c
configure:12196: $? = 0
configure:12210: result: yes
configure:12243: checking for azctools/az_memp.h
configure:12252: result: yes
configure:12132: checking azctools/az_tools.h usability
configure:12149: gcc -c -g -O2  conftest.c >&5
configure:12156: $? = 0
configure:12170: result: yes
configure:12174: checking azctools/az_tools.h presence
configure:12189: gcc -E  conftest.c
configure:12196: $? = 0
configure:12210: result: yes
configure:12243: checking for azctools/az_tools.h
configure:12252: result: yes
configure:12132: checking azctools/az_platform.h usability
configure:12149: gcc -c -g -O2  conftest.c >&5
configure:12156: $? = 0
configure:12170: result: yes
configure:12174: checking azctools/az_platform.h presence
configure:12189: gcc -E  conftest.c
configure:12196: $? = 0
configure:12210: result: yes
configure:12243: checking for azctools/az_platform.h
configure:12252: result: yes
configure:12132: checking azctools/az_log.h usability
configure:12149: gcc -c -g -O2  conftest.c >&5
configure:12156: $? = 0
configure:12170: result: yes
configure:12174: checking azctools/az_log.h presence
configure:12189: gcc -E  conftest.c
configure:12196: $? = 0
configure:12210: result: yes
configure:12243: checking for azctools/az_log.h
configure:12252: result: yes
configure:12132: checking azctools/az_list.h usability
configure:12149: gcc -c -g -O2  conftest.c >&5
configure:12156: $? = 0
configure:12170: result: yes
configure:12174: checking azctools/az_list.h presence
configure:12189: gcc -E  conftest.c
configure:12196: $? = 0
configure:12210: result: yes
configure:12243: checking for azctools/az_list.h
configure:12252: result: yes
configure:12132: checking azctools/az_taskp.h usability
configure:12149: gcc -c -g -O2  conftest.c >&5
configure:12156: $? = 0
configure:12170: result: yes
configure:12174: checking azctools/az_taskp.h presence
configure:12189: gcc -E  conftest.c
configure:12196: $? = 0
configure:12210: result: yes
configure:12243: checking for azctools/az_taskp.h
configure:12252: result: yes
configure:12271: checking for stdbool.h that conforms to C99
configure:12366: gcc -c -g -O2  conftest.c >&5
configure:12373: $? = 0
configure:12388: result: yes
configure:12390: checking for _Bool
configure:12418: gcc -c -g -O2  conftest.c >&5
configure:12425: $? = 0
configure:12452: gcc -c -g -O2  conftest.c >&5
conftest.c: In function 'main':
conftest.c:94: error: expected expression before ')' token
configure:12459: $? = 1
configure: failed program was:
| /* confdefs.h.  */
| #define PACKAGE_NAME "libazftp"
| #define PACKAGE_TARNAME "libazftp"
| #define PACKAGE_VERSION "0.1.0"
| #define PACKAGE_STRING "libazftp 0.1.0"
| #define PACKAGE_BUGREPORT "449273151@qq.com"
| #define PACKAGE "libazftp"
| #define VERSION "0.1.0"
| #define STDC_HEADERS 1
| #define HAVE_SYS_TYPES_H 1
| #define HAVE_SYS_STAT_H 1
| #define HAVE_STDLIB_H 1
| #define HAVE_STRING_H 1
| #define HAVE_MEMORY_H 1
| #define HAVE_STRINGS_H 1
| #define HAVE_INTTYPES_H 1
| #define HAVE_STDINT_H 1
| #define HAVE_UNISTD_H 1
| #define HAVE_DLFCN_H 1
| #define LT_OBJDIR ".libs/"
| #define HAVE_LIBRT 1
| #define HAVE_LIBDL 1
| #define HAVE_LIBPTHREAD 1
| #define HAVE_LIBAZMEMP 1
| #define HAVE_LIBAZTOOLS 1
| #define HAVE_LIBAZTOOLS 1
| #define HAVE_LIBAZLIST 1
| #define HAVE_LIBAZLOG 1
| #define HAVE_LIBAZTASKP 1
| #define PROJECT_HOME_URL "https://github.com/Dynasty-Az/libazftp"
| #define AZ_MAJOR_VERSION 0
| #define AZ_MINOR_VERSION 1
| #define AZ_RELEASE_VERSION 0
| #define AZ_BUILD_TIME 1617156257
| #define AZ_PREFIX_PATH "/usr/local"
| #define HAVE_ARPA_INET_H 1
| #define HAVE_FCNTL_H 1
| #define HAVE_MALLOC_H 1
| #define HAVE_MNTENT_H 1
| #define HAVE_NETINET_IN_H 1
| #define HAVE_STDDEF_H 1
| #define HAVE_STDINT_H 1
| #define HAVE_STDLIB_H 1
| #define HAVE_STRING_H 1
| #define HAVE_SYS_IOCTL_H 1
| #define HAVE_SYS_SOCKET_H 1
| #define HAVE_SYS_STATFS_H 1
| #define HAVE_SYS_TIME_H 1
| #define HAVE_SYS_TIMEB_H 1
| #define HAVE_UNISTD_H 1
| #define HAVE_AZCTOOLS_AZ_MEMP_H 1
| #define HAVE_AZCTOOLS_AZ_TOOLS_H 1
| #define HAVE_AZCTOOLS_AZ_PLATFORM_H 1
| #define HAVE_AZCTOOLS_AZ_LOG_H 1
| #define HAVE_AZCTOOLS_AZ_LIST_H 1
| #define HAVE_AZCTOOLS_AZ_TASKP_H 1
| /* end confdefs.h.  */
| #include <stdio.h>
| #ifdef HAVE_SYS_TYPES_H
| # include <sys/types.h>
| #endif
| #ifdef HAVE_SYS_STAT_H
| # include <sys/stat.h>
| #endif
| #ifdef STDC_HEADERS
| # include <stdlib.h>
| # include <stddef.h>
| #else
| # ifdef HAVE_STDLIB_H
| #  include <stdlib.h>
| # endif
| #endif
| #ifdef HAVE_STRING_H
| # if !defined STDC_HEADERS && defined HAVE_MEMORY_H
| #  include <memory.h>
| # endif
| # include <string.h>
| #endif
| #ifdef HAVE_STRINGS_H
| # include <strings.h>
| #endif
| #ifdef HAVE_INTTYPES_H
| # include <inttypes.h>
| #endif
| #ifdef HAVE_STDINT_H
| # include <stdint.h>
| #endif
| #ifdef HAVE_UNISTD_H
| # include <unistd.h>
| #endif
| int
| main ()
| {
| if (sizeof ((_Bool)))
| 	  return 0;
|   ;
|   return 0;
| }
configure:12482: result: yes
configure:12502: checking for int32_t
configure:12533: gcc -c -g -O2  conftest.c >&5
configure:12540: $? = 0
configure:12569: gcc -c -g -O2  conftest.c >&5
conftest.c: In function 'main':
conftest.c:97: warning: integer overflow in expression
conftest.c:97: error: size of array 'test_array' is negative
configure:12576: $? = 1
configure: failed program was:
| /* confdefs.h.  */
| #define PACKAGE_NAME "libazftp"
| #define PACKAGE_TARNAME "libazftp"
| #define PACKAGE_VERSION "0.1.0"
| #define PACKAGE_STRING "libazftp 0.1.0"
| #define PACKAGE_BUGREPORT "449273151@qq.com"
| #define PACKAGE "libazftp"
| #define VERSION "0.1.0"
| #define STDC_HEADERS 1
| #define HAVE_SYS_TYPES_H 1
| #define HAVE_SYS_STAT_H 1
| #define HAVE_STDLIB_H 1
| #define HAVE_STRING_H 1
| #define HAVE_MEMORY_H 1
| #define HAVE_STRINGS_H 1
| #define HAVE_INTTYPES_H 1
| #define HAVE_STDINT_H 1
| #define HAVE_UNISTD_H 1
| #define HAVE_DLFCN_H 1
| #define LT_OBJDIR ".libs/"
| #define HAVE_LIBRT 1
| #define HAVE_LIBDL 1
| #define HAVE_LIBPTHREAD 1
| #define HAVE_LIBAZMEMP 1
| #define HAVE_LIBAZTOOLS 1
| #define HAVE_LIBAZTOOLS 1
| #define HAVE_LIBAZLIST 1
| #define HAVE_LIBAZLOG 1
| #define HAVE_LIBAZTASKP 1
| #define PROJECT_HOME_URL "https://github.com/Dynasty-Az/libazftp"
| #define AZ_MAJOR_VERSION 0
| #define AZ_MINOR_VERSION 1
| #define AZ_RELEASE_VERSION 0
| #define AZ_BUILD_TIME 1617156257
| #define AZ_PREFIX_PATH "/usr/local"
| #define HAVE_ARPA_INET_H 1
| #define HAVE_FCNTL_H 1
| #define HAVE_MALLOC_H 1
| #define HAVE_MNTENT_H 1
| #define HAVE_NETINET_IN_H 1
| #define HAVE_STDDEF_H 1
| #define HAVE_STDINT_H 1
| #define HAVE_STDLIB_H 1
| #define HAVE_STRING_H 1
| #define HAVE_SYS_IOCTL_H 1
| #define HAVE_SYS_SOCKET_H 1
| #define HAVE_SYS_STATFS_H 1
| #define HAVE_SYS_TIME_H 1
| #define HAVE_SYS_TIMEB_H 1
| #define HAVE_UNISTD_H 1
| #define HAVE_AZCTOOLS_AZ_MEMP_H 1
| #define HAVE_AZCTOOLS_AZ_TOOLS_H 1
| #define HAVE_AZCTOOLS_AZ_PLATFORM_H 1
| #define HAVE_AZCTOOLS_AZ_LOG_H 1
| #define HAVE_AZCTOOLS_AZ_LIST_H 1
| #define HAVE_AZCTOOLS_AZ_TASKP_H 1
| #define HAVE__BOOL 1
| #define HAVE_STDBOOL_H 1
| /* end confdefs.h.  */
| #include <stdio.h>
| #ifdef HAVE_SYS_TYPES_H
| # include <sys/types.h>
| #endif
| #ifdef HAVE_SYS_STAT_H
| # include <sys/stat.h>
| #endif
| #ifdef STDC_HEADERS
| # include <stdlib.h>
| # include <stddef.h>
| #else
| # ifdef HAVE_STDLIB_H
| #  include <stdlib.h>
| # endif
| #endif
| #ifdef HAVE_STRING_H
| # if !defined STDC_HEADERS && defined HAVE_MEMORY_H
| #  include <memory.h>
| # endif
| # include <string.h>
| #endif
| #ifdef HAVE_STRINGS_H
| # include <strings.h>
| #endif
| #ifdef HAVE_INTTYPES_H
| # include <inttypes.h>
| #endif
| #ifdef HAVE_STDINT_H
| # include <stdint.h>
| #endif
| #ifdef HAVE_UNISTD_H
| # include <unistd.h>
| #endif
| int
| main ()
| {
| static int test_array [1 - 2 * !((int32_t) ((((int32_t) 1 << (32 - 2)) - 1) * 2 + 1)
| 		 < (int32_t) ((((int32_t) 1 << (32 - 2)) - 1) * 2 + 2))];
| test_array [0] = 0
| 
|   ;
|   return 0;
| }
configure:12605: result: yes
configure:12618: checking for int64_t
configure:12649: gcc -c -g -O2  conftest.c >&5
configure:12656: $? = 0
configure:12685: gcc -c -g -O2  conftest.c >&5
conftest.c: In function 'main':
conftest.c:97: warning: integer overflow in expression
conftest.c:97: error: size of array 'test_array' is negative
configure:12692: $? = 1
configure: failed program was:
| /* confdefs.h.  */
| #define PACKAGE_NAME "libazftp"
| #define PACKAGE_TARNAME "libazftp"
| #define PACKAGE_VERSION "0.1.0"
| #define PACKAGE_STRING "libazftp 0.1.0"
| #define PACKAGE_BUGREPORT "449273151@qq.com"
| #define PACKAGE "libazftp"
| #define VERSION "0.1.0"
| #define STDC_HEADERS 1
| #define HAVE_SYS_TYPES_H 1
| #define HAVE_SYS_STAT_H 1
| #define HAVE_STDLIB_H 1
| #define HAVE_STRING_H 1
| #define HAVE_MEMORY_H 1
| #define HAVE_STRINGS_H 1
| #define HAVE_INTTYPES_H 1
| #define HAVE_STDINT_H 1
| #define HAVE_UNISTD_H 1
| #define HAVE_DLFCN_H 1
| #define LT_OBJDIR ".libs/"
| #define HAVE_LIBRT 1
| #define HAVE_LIBDL 1
| #define HAVE_LIBPTHREAD 1
| #define HAVE_LIBAZMEMP 1
| #define HAVE_LIBAZTOOLS 1
| #define HAVE_LIBAZTOOLS 1
| #define HAVE_LIBAZLIST 1
| #define HAVE_LIBAZLOG 1
| #define HAVE_LIBAZTASKP 1
| #define PROJECT_HOME_URL "https://github.com/Dynasty-Az/libazftp"
| #define AZ_MAJOR_VERSION 0
| #define AZ_MINOR_VERSION 1
| #define AZ_RELEASE_VERSION 0
| #define AZ_BUILD_TIME 1617156257
| #define AZ_PREFIX_PATH "/usr/local"
| #define HAVE_ARPA_INET_H 1
| #define HAVE_FCNTL_H 1
| #define HAVE_MALLOC_H 1
| #define HAVE_MNTENT_H 1
| #define HAVE_NETINET_IN_H 1
| #define HAVE_STDDEF_H 1
| #define HAVE_STDINT_H 1
| #define HAVE_STDLIB_H 1
| #define HAVE_STRING_H 1
| #define HAVE_SYS_IOCTL_H 1
| #define HAVE_SYS_SOCKET_H 1
| #define HAVE_SYS_STATFS_H 1
| #define HAVE_SYS_TIME_H 1
| #define HAVE_SYS_TIMEB_H 1
| #define HAVE_UNISTD_H 1
| #define HAVE_AZCTOOLS_AZ_MEMP_H 1
| #define HAVE_AZCTOOLS_AZ_TOOLS_H 1
| #define HAVE_AZCTOOLS_AZ_PLATFORM_H 1
| #define HAVE_AZCTOOLS_AZ_LOG_H 1
| #define HAVE_AZCTOOLS_AZ_LIST_H 1
| #define HAVE_AZCTOOLS_AZ_TASKP_H 1
| #define HAVE__BOOL 1
| #define HAVE_STDBOOL_H 1
| /* end confdefs.h.  */
| #include <stdio.h>
| #ifdef HAVE_SYS_TYPES_H
| # include <sys/types.h>
| #endif
| #ifdef HAVE_SYS_STAT_H
| # include <sys/stat.h>
| #endif
| #ifdef STDC_HEADERS
| # include <stdlib.h>
| # include <stddef.h>
| #else
| # ifdef HAVE_STDLIB_H
| #  include <stdlib.h>
| # endif
| #endif
| #ifdef HAVE_STRING_H
| # if !defined STDC_HEADERS && defined HAVE_MEMORY_H
| #  include <memory.h>
| # endif
| # include <string.h>
| #endif
| #ifdef HAVE_STRINGS_H
| # include <strings.h>
| #endif
| #ifdef HAVE_INTTYPES_H
| # include <inttypes.h>
| #endif
| #ifdef HAVE_STDINT_H
| # include <stdint.h>
| #endif
| #ifdef HAVE_UNISTD_H
| # include <unistd.h>
| #endif
| int
| main ()
| {
| static int test_array [1 - 2 * !((int64_t) ((((int64_t) 1 << (64 - 2)) - 1) * 2 + 1)
| 		 < (int64_t) ((((int64_t) 1 << (64 - 2)) - 1) * 2 + 2))];
| test_array [0] = 0
| 
|   ;
|   return 0;
| }
configure:12721: result: yes
configure:12733: checking for pid_t
configure:12761: gcc -c -g -O2  conftest.c >&5
configure:12768: $? = 0
configure:12795: gcc -c -g -O2  conftest.c >&5
conftest.c: In function 'main':
conftest.c:96: error: expected expression before ')' token
configure:12802: $? = 1
configure: failed program was:
| /* confdefs.h.  */
| #define PACKAGE_NAME "libazftp"
| #define PACKAGE_TARNAME "libazftp"
| #define PACKAGE_VERSION "0.1.0"
| #define PACKAGE_STRING "libazftp 0.1.0"
| #define PACKAGE_BUGREPORT "449273151@qq.com"
| #define PACKAGE "libazftp"
| #define VERSION "0.1.0"
| #define STDC_HEADERS 1
| #define HAVE_SYS_TYPES_H 1
| #define HAVE_SYS_STAT_H 1
| #define HAVE_STDLIB_H 1
| #define HAVE_STRING_H 1
| #define HAVE_MEMORY_H 1
| #define HAVE_STRINGS_H 1
| #define HAVE_INTTYPES_H 1
| #define HAVE_STDINT_H 1
| #define HAVE_UNISTD_H 1
| #define HAVE_DLFCN_H 1
| #define LT_OBJDIR ".libs/"
| #define HAVE_LIBRT 1
| #define HAVE_LIBDL 1
| #define HAVE_LIBPTHREAD 1
| #define HAVE_LIBAZMEMP 1
| #define HAVE_LIBAZTOOLS 1
| #define HAVE_LIBAZTOOLS 1
| #define HAVE_LIBAZLIST 1
| #define HAVE_LIBAZLOG 1
| #define HAVE_LIBAZTASKP 1
| #define PROJECT_HOME_URL "https://github.com/Dynasty-Az/libazftp"
| #define AZ_MAJOR_VERSION 0
| #define AZ_MINOR_VERSION 1
| #define AZ_RELEASE_VERSION 0
| #define AZ_BUILD_TIME 1617156257
| #define AZ_PREFIX_PATH "/usr/local"
| #define HAVE_ARPA_INET_H 1
| #define HAVE_FCNTL_H 1
| #define HAVE_MALLOC_H 1
| #define HAVE_MNTENT_H 1
| #define HAVE_NETINET_IN_H 1
| #define HAVE_STDDEF_H 1
| #define HAVE_STDINT_H 1
| #define HAVE_STDLIB_H 1
| #define HAVE_STRING_H 1
| #define HAVE_SYS_IOCTL_H 1
| #define HAVE_SYS_SOCKET_H 1
| #define HAVE_SYS_STATFS_H 1
| #define HAVE_SYS_TIME_H 1
| #define HAVE_SYS_TIMEB_H 1
| #define HAVE_UNISTD_H 1
| #define HAVE_AZCTOOLS_AZ_MEMP_H 1
| #define HAVE_AZCTOOLS_AZ_TOOLS_H 1
| #define HAVE_AZCTOOLS_AZ_PLATFORM_H 1
| #define HAVE_AZCTOOLS_AZ_LOG_H 1
| #define HAVE_AZCTOOLS_AZ_LIST_H 1
| #define HAVE_AZCTOOLS_AZ_TASKP_H 1
| #define HAVE__BOOL 1
| #define HAVE_STDBOOL_H 1
| /* end confdefs.h.  */
| #include <stdio.h>
| #ifdef HAVE_SYS_TYPES_H
| # include <sys/types.h>
| #endif
| #ifdef HAVE_SYS_STAT_H
| # include <sys/stat.h>
| #endif
| #ifdef STDC_HEADERS
| # include <stdlib.h>
| # include <stddef.h>
| #else
| # ifdef HAVE_STDLIB_H
| #  include <stdlib.h>
| # endif
| #endif
| #ifdef HAVE_STRING_H
| # if !defined STDC_HEADERS && defined HAVE_MEMORY_H
| #  include <memory.h>
| # endif
| # include <string.h>
| #endif
| #ifdef HAVE_STRINGS_H
| # include <strings.h>
| #endif
| #ifdef HAVE_INTTYPES_H
| # include <inttypes.h>
| #endif
| #ifdef HAVE_STDINT_H
| # include <stdint.h>
| #endif
| #ifdef HAVE_UNISTD_H
| # include <unistd.h>
| #endif
| int
| main ()
| {
| if (sizeof ((pid_t)))
| 	  return 0;
|   ;
|   return 0;
| }
configure:12825: result: yes
configure:12837: checking for size_t
configure:12865: gcc -c -g -O2  conftest.c >&5
configure:12872: $? = 0
configure:12899: gcc -c -g -O2  conftest.c >&5
conftest.c: In function 'main':
conftest.c:96: error: expected expression before ')' token
configure:12906: $? = 1
configure: failed program was:
| /* confdefs.h.  */
| #define PACKAGE_NAME "libazftp"
| #define PACKAGE_TARNAME "libazftp"
| #define PACKAGE_VERSION "0.1.0"
| #define PACKAGE_STRING "libazftp 0.1.0"
| #define PACKAGE_BUGREPORT "449273151@qq.com"
| #define PACKAGE "libazftp"
| #define VERSION "0.1.0"
| #define STDC_HEADERS 1
| #define HAVE_SYS_TYPES_H 1
| #define HAVE_SYS_STAT_H 1
| #define HAVE_STDLIB_H 1
| #define HAVE_STRING_H 1
| #define HAVE_MEMORY_H 1
| #define HAVE_STRINGS_H 1
| #define HAVE_INTTYPES_H 1
| #define HAVE_STDINT_H 1
| #define HAVE_UNISTD_H 1
| #define HAVE_DLFCN_H 1
| #define LT_OBJDIR ".libs/"
| #define HAVE_LIBRT 1
| #define HAVE_LIBDL 1
| #define HAVE_LIBPTHREAD 1
| #define HAVE_LIBAZMEMP 1
| #define HAVE_LIBAZTOOLS 1
| #define HAVE_LIBAZTOOLS 1
| #define HAVE_LIBAZLIST 1
| #define HAVE_LIBAZLOG 1
| #define HAVE_LIBAZTASKP 1
| #define PROJECT_HOME_URL "https://github.com/Dynasty-Az/libazftp"
| #define AZ_MAJOR_VERSION 0
| #define AZ_MINOR_VERSION 1
| #define AZ_RELEASE_VERSION 0
| #define AZ_BUILD_TIME 1617156257
| #define AZ_PREFIX_PATH "/usr/local"
| #define HAVE_ARPA_INET_H 1
| #define HAVE_FCNTL_H 1
| #define HAVE_MALLOC_H 1
| #define HAVE_MNTENT_H 1
| #define HAVE_NETINET_IN_H 1
| #define HAVE_STDDEF_H 1
| #define HAVE_STDINT_H 1
| #define HAVE_STDLIB_H 1
| #define HAVE_STRING_H 1
| #define HAVE_SYS_IOCTL_H 1
| #define HAVE_SYS_SOCKET_H 1
| #define HAVE_SYS_STATFS_H 1
| #define HAVE_SYS_TIME_H 1
| #define HAVE_SYS_TIMEB_H 1
| #define HAVE_UNISTD_H 1
| #define HAVE_AZCTOOLS_AZ_MEMP_H 1
| #define HAVE_AZCTOOLS_AZ_TOOLS_H 1
| #define HAVE_AZCTOOLS_AZ_PLATFORM_H 1
| #define HAVE_AZCTOOLS_AZ_LOG_H 1
| #define HAVE_AZCTOOLS_AZ_LIST_H 1
| #define HAVE_AZCTOOLS_AZ_TASKP_H 1
| #define HAVE__BOOL 1
| #define HAVE_STDBOOL_H 1
| /* end confdefs.h.  */
| #include <stdio.h>
| #ifdef HAVE_SYS_TYPES_H
| # include <sys/types.h>
| #endif
| #ifdef HAVE_SYS_STAT_H
| # include <sys/stat.h>
| #endif
| #ifdef STDC_HEADERS
| # include <stdlib.h>
| # include <stddef.h>
| #else
| # ifdef HAVE_STDLIB_H
| #  include <stdlib.h>
| # endif
| #endif
| #ifdef HAVE_STRING_H
| # if !defined STDC_HEADERS && defined HAVE_MEMORY_H
| #  include <memory.h>
| # endif
| # include <string.h>
| #endif
| #ifdef HAVE_STRINGS_H
| # include <strings.h>
| #endif
| #ifdef HAVE_INTTYPES_H
| # include <inttypes.h>
| #endif
| #ifdef HAVE_STDINT_H
| # include <stdint.h>
| #endif
| #ifdef HAVE_UNISTD_H
| # include <unistd.h>
| #endif
| int
| main ()
| {
| if (sizeof ((size_t)))
| 	  return 0;
|   ;
|   return 0;
| }
configure:12929: result: yes
configure:12942: checking for uint32_t
configure:12973: gcc -c -g -O2  conftest.c >&5
configure:12980: $? = 0
configure:13001: result: yes
configure:13019: checking for uint64_t
configure:13050: gcc -c -g -O2  conftest.c >&5
configure:13057: $? = 0
configure:13078: result: yes
configure:13096: checking for uint8_t
configure:13127: gcc -c -g -O2  conftest.c >&5
configure:13134: $? = 0
configure:13155: result: yes
configure:13172: checking for off_t
configure:13200: gcc -c -g -O2  conftest.c >&5
configure:13207: $? = 0
configure:13234: gcc -c -g -O2  conftest.c >&5
conftest.c: In function 'main':
conftest.c:96: error: expected expression before ')' token
configure:13241: $? = 1
configure: failed program was:
| /* confdefs.h.  */
| #define PACKAGE_NAME "libazftp"
| #define PACKAGE_TARNAME "libazftp"
| #define PACKAGE_VERSION "0.1.0"
| #define PACKAGE_STRING "libazftp 0.1.0"
| #define PACKAGE_BUGREPORT "449273151@qq.com"
| #define PACKAGE "libazftp"
| #define VERSION "0.1.0"
| #define STDC_HEADERS 1
| #define HAVE_SYS_TYPES_H 1
| #define HAVE_SYS_STAT_H 1
| #define HAVE_STDLIB_H 1
| #define HAVE_STRING_H 1
| #define HAVE_MEMORY_H 1
| #define HAVE_STRINGS_H 1
| #define HAVE_INTTYPES_H 1
| #define HAVE_STDINT_H 1
| #define HAVE_UNISTD_H 1
| #define HAVE_DLFCN_H 1
| #define LT_OBJDIR ".libs/"
| #define HAVE_LIBRT 1
| #define HAVE_LIBDL 1
| #define HAVE_LIBPTHREAD 1
| #define HAVE_LIBAZMEMP 1
| #define HAVE_LIBAZTOOLS 1
| #define HAVE_LIBAZTOOLS 1
| #define HAVE_LIBAZLIST 1
| #define HAVE_LIBAZLOG 1
| #define HAVE_LIBAZTASKP 1
| #define PROJECT_HOME_URL "https://github.com/Dynasty-Az/libazftp"
| #define AZ_MAJOR_VERSION 0
| #define AZ_MINOR_VERSION 1
| #define AZ_RELEASE_VERSION 0
| #define AZ_BUILD_TIME 1617156257
| #define AZ_PREFIX_PATH "/usr/local"
| #define HAVE_ARPA_INET_H 1
| #define HAVE_FCNTL_H 1
| #define HAVE_MALLOC_H 1
| #define HAVE_MNTENT_H 1
| #define HAVE_NETINET_IN_H 1
| #define HAVE_STDDEF_H 1
| #define HAVE_STDINT_H 1
| #define HAVE_STDLIB_H 1
| #define HAVE_STRING_H 1
| #define HAVE_SYS_IOCTL_H 1
| #define HAVE_SYS_SOCKET_H 1
| #define HAVE_SYS_STATFS_H 1
| #define HAVE_SYS_TIME_H 1
| #define HAVE_SYS_TIMEB_H 1
| #define HAVE_UNISTD_H 1
| #define HAVE_AZCTOOLS_AZ_MEMP_H 1
| #define HAVE_AZCTOOLS_AZ_TOOLS_H 1
| #define HAVE_AZCTOOLS_AZ_PLATFORM_H 1
| #define HAVE_AZCTOOLS_AZ_LOG_H 1
| #define HAVE_AZCTOOLS_AZ_LIST_H 1
| #define HAVE_AZCTOOLS_AZ_TASKP_H 1
| #define HAVE__BOOL 1
| #define HAVE_STDBOOL_H 1
| /* end confdefs.h.  */
| #include <stdio.h>
| #ifdef HAVE_SYS_TYPES_H
| # include <sys/types.h>
| #endif
| #ifdef HAVE_SYS_STAT_H
| # include <sys/stat.h>
| #endif
| #ifdef STDC_HEADERS
| # include <stdlib.h>
| # include <stddef.h>
| #else
| # ifdef HAVE_STDLIB_H
| #  include <stdlib.h>
| # endif
| #endif
| #ifdef HAVE_STRING_H
| # if !defined STDC_HEADERS && defined HAVE_MEMORY_H
| #  include <memory.h>
| # endif
| # include <string.h>
| #endif
| #ifdef HAVE_STRINGS_H
| # include <strings.h>
| #endif
| #ifdef HAVE_INTTYPES_H
| # include <inttypes.h>
| #endif
| #ifdef HAVE_STDINT_H
| # include <stdint.h>
| #endif
| #ifdef HAVE_UNISTD_H
| # include <unistd.h>
| #endif
| int
| main ()
| {
| if (sizeof ((off_t)))
| 	  return 0;
|   ;
|   return 0;
| }
configure:13264: result: yes
configure:13284: checking for getpagesize
configure:13340: gcc -o conftest -g -O2  -L/usr/lib64/libazctools/ conftest.c -laztaskp -lazlog -lazlist -laztools -laztools -lazmemp -lpthread -ldl -lrt  >&5
configure:13347: $? = 0
configure:13369: result: yes
configure:13284: checking for malloc
configure:13340: gcc -o conftest -g -O2  -L/usr/lib64/libazctools/ conftest.c -laztaskp -lazlog -lazlist -laztools -laztools -lazmemp -lpthread -ldl -lrt  >&5
conftest.c:84: warning: conflicting types for built-in function 'malloc'
configure:13347: $? = 0
configure:13369: result: yes
configure:13284: checking for memalign
configure:13340: gcc -o conftest -g -O2  -L/usr/lib64/libazctools/ conftest.c -laztaskp -lazlog -lazlist -laztools -laztools -lazmemp -lpthread -ldl -lrt  >&5
configure:13347: $? = 0
configure:13369: result: yes
configure:13511: creating ./config.status

## ---------------------- ##
## Running config.status. ##
## ---------------------- ##

This file was extended by libazftp config.status 0.1.0, which was
generated by GNU Autoconf 2.63.  Invocation command line was

  CONFIG_FILES    = 
  CONFIG_HEADERS  = 
  CONFIG_LINKS    = 
  CONFIG_COMMANDS = 
  $ ./config.status 

on rvp

config.status:1035: creating Makefile
config.status:1035: creating include/Makefile
config.status:1035: creating include/azftp/Makefile
config.status:1035: creating src/Makefile
config.status:1035: creating src/server/Makefile
config.status:1035: creating src/server/bin/Makefile
config.status:1035: creating src/client/Makefile
config.status:1035: creating src/client/bin/Makefile
config.status:1035: creating src/test/Makefile
config.status:1035: creating include/libazftpcnf.h
config.status:1309: executing depfiles commands
config.status:1309: executing libtool commands

## ---------------- ##
## Cache variables. ##
## ---------------- ##

ac_cv_build=x86_64-unknown-linux-gnu
ac_cv_c_compiler_gnu=yes
ac_cv_c_int32_t=yes
ac_cv_c_int64_t=yes
ac_cv_c_uint32_t=yes
ac_cv_c_uint64_t=yes
ac_cv_c_uint8_t=yes
ac_cv_env_CC_set=
ac_cv_env_CC_value=
ac_cv_env_CFLAGS_set=
ac_cv_env_CFLAGS_value=
ac_cv_env_CPPFLAGS_set=
ac_cv_env_CPPFLAGS_value=
ac_cv_env_CPP_set=
ac_cv_env_CPP_value=
ac_cv_env_LDFLAGS_set=
ac_cv_env_LDFLAGS_value=
ac_cv_env_LIBS_set=
ac_cv_env_LIBS_value=
ac_cv_env_build_alias_set=
ac_cv_env_build_alias_value=
ac_cv_env_host_alias_set=
ac_cv_env_host_alias_value=
ac_cv_env_target_alias_set=
ac_cv_env_target_alias_value=
ac_cv_func_getpagesize=yes
ac_cv_func_malloc=yes
ac_cv_func_memalign=yes
ac_cv_header_arpa_inet_h=yes
ac_cv_header_azctools_az_list_h=yes
ac_cv_header_azctools_az_log_h=yes
ac_cv_header_azctools_az_memp_h=yes
ac_cv_header_azctools_az_platform_h=yes
ac_cv_header_azctools_az_taskp_h=yes
ac_cv_header_azctools_az_tools_h=yes
ac_cv_header_dlfcn_h=yes
ac_cv_header_fcntl_h=yes
ac_cv_header_inttypes_h=yes
ac_cv_header_malloc_h=yes
ac_cv_header_memory_h=yes
ac_cv_header_mntent_h=yes
ac_cv_header_netinet_in_h=yes
ac_cv_header_stdbool_h=yes
ac_cv_header_stdc=yes
ac_cv_header_stddef_h=yes
ac_cv_header_stdint_h=yes
ac_cv_header_stdlib_h=yes
ac_cv_header_string_h=yes
ac_cv_header_strings_h=yes
ac_cv_header_sys_ioctl_h=yes
ac_cv_header_sys_socket_h=yes
ac_cv_header_sys_stat_h=yes
ac_cv_header_sys_statfs_h=yes
ac_cv_header_sys_time_h=yes
ac_cv_header_sys_timeb_h=yes
ac_cv_header_sys_types_h=yes
ac_cv_header_unistd_h=yes
ac_cv_host=x86_64-unknown-linux-gnu
ac_cv_lib_azlist_az_list_init=yes
ac_cv_lib_azlog_az_log_init=yes
ac_cv_lib_azmemp_az_memp_create=yes
ac_cv_lib_aztaskp_az_taskp_create=yes
ac_cv_lib_aztools_az_cnf_parser=yes
ac_cv_lib_aztools_az_create_thread=yes
ac_cv_lib_dl_dlopen=yes
ac_cv_lib_pthread_pthread_mutex_init=yes
ac_cv_lib_rt_clock_gettime=yes
ac_cv_objext=o
ac_cv_path_EGREP='/bin/grep -E'
ac_cv_path_FGREP='/bin/grep -F'
ac_cv_path_GREP=/bin/grep
ac_cv_path_SED=/bin/sed
ac_cv_path_install='/usr/bin/install -c'
ac_cv_path_mkdir=/bin/mkdir
ac_cv_prog_AWK=gawk
ac_cv_prog_CPP='gcc -E'
ac_cv_prog_ac_ct_AR=ar
ac_cv_prog_ac_ct_CC=gcc
ac_cv_prog_ac_ct_OBJDUMP=objdump
ac_cv_prog_ac_ct_RANLIB=ranlib
ac_cv_prog_ac_ct_STRIP=strip
ac_cv_prog_cc_c89=
ac_cv_prog_cc_g=yes
ac_cv_prog_cc_gcc_c_o=yes
ac_cv_prog_make_make_set=yes
ac_cv_type__Bool=yes
ac_cv_type_off_t=yes
ac_cv_type_pid_t=yes
ac_cv_type_size_t=yes
am_cv_CC_dependencies_compiler_type=gcc3
lt_cv_deplibs_check_method=pass_all
lt_cv_file_magic_cmd='$MAGIC_CMD'
lt_cv_file_magic_test_file=
lt_cv_ld_reload_flag=-r
lt_cv_nm_interface='BSD nm'
lt_cv_objdir=.libs
lt_cv_path_LD=/usr/bin/ld
lt_cv_path_NM='/usr/bin/nm -B'
lt_cv_prog_compiler_c_o=yes
lt_cv_prog_compiler_pic_works=yes
lt_cv_prog_compiler_rtti_exceptions=no
lt_cv_prog_compiler_static_works=no
lt_cv_prog_gnu_ld=yes
lt_cv_sys_global_symbol_pipe='sed -n -e '\''s/^.*[	 ]\([ABCDGIRSTW][ABCDGIRSTW]*\)[	 ][	 ]*\([_A-Za-z][_A-Za-z0-9]*\)$/\1 \2 \2/p'\'''
lt_cv_sys_global_symbol_to_c_name_address='sed -n -e '\''s/^: \([^ ]*\) $/  {\"\1\", (void *) 0},/p'\'' -e '\''s/^[ABCDGIRSTW]* \([^ ]*\) \([^ ]*\)$/  {"\2", (void *) \&\2},/p'\'''
lt_cv_sys_global_symbol_to_c_name_address_lib_prefix='sed -n -e '\''s/^: \([^ ]*\) $/  {\"\1\", (void *) 0},/p'\'' -e '\''s/^[ABCDGIRSTW]* \([^ ]*\) \(lib[^ ]*\)$/  {"\2", (void *) \&\2},/p'\'' -e '\''s/^[ABCDGIRSTW]* \([^ ]*\) \([^ ]*\)$/  {"lib\2", (void *) \&\2},/p'\'''
lt_cv_sys_global_symbol_to_cdecl='sed -n -e '\''s/^T .* \(.*\)$/extern int \1();/p'\'' -e '\''s/^[ABCDGIRSTW]* .* \(.*\)$/extern char \1;/p'\'''
lt_cv_sys_max_cmd_len=1966080

## ----------------- ##
## Output variables. ##
## ----------------- ##

ACLOCAL='${SHELL} /root/qiao/libazftp/missing --run aclocal-1.11'
AMDEPBACKSLASH='\'
AMDEP_FALSE='#'
AMDEP_TRUE=''
AMTAR='${SHELL} /root/qiao/libazftp/missing --run tar'
AR='ar'
AUTOCONF='${SHELL} /root/qiao/libazftp/missing --run autoconf'
AUTOHEADER='${SHELL} /root/qiao/libazftp/missing --run autoheader'
AUTOMAKE='${SHELL} /root/qiao/libazftp/missing --run automake-1.11'
AWK='gawk'
CC='gcc'
CCDEPMODE='depmode=gcc3'
CFLAGS='-g -O2'
CPP='gcc -E'
CPPFLAGS=''
CYGPATH_W='echo'
DEFS='-DHAVE_CONFIG_H'
DEPDIR='.deps'
DSYMUTIL=''
DUMPBIN=''
ECHO_C=''
ECHO_N='-n'
ECHO_T=''
EGREP='/bin/grep -E'
EXEEXT=''
FGREP='/bin/grep -F'
GREP='/bin/grep'
INSTALL_DATA='${INSTALL} -m 644'
INSTALL_PROGRAM='${INSTALL}'
INSTALL_SCRIPT='${INSTALL}'
INSTALL_STRIP_PROGRAM='$(install_sh) -c -s'
LD='/usr/bin/ld -m elf_x86_64'
LDFLAGS='-L/usr/lib64/libazctools/'
LIBOBJS=''
LIBS='-laztaskp -lazlog -lazlist -laztools -laztools -lazmemp -lpthread -ldl -lrt '
LIBTOOL='$(SHELL) $(top_builddir)/libtool'
LIPO=''
LN_S='ln -s'
LTLIBOBJS=''
MAKEINFO='${SHELL} /root/qiao/libazftp/missing --run makeinfo'
MKDIR_P='/bin/mkdir -p'
NM='/usr/bin/nm -B'
NMEDIT=''
OBJDUMP='objdump'
OBJEXT='o'
OTOOL64=''
OTOOL=''
PACKAGE='libazftp'
PACKAGE_BUGREPORT='449273151@qq.com'
PACKAGE_NAME='libazftp'
PACKAGE_STRING='libazftp 0.1.0'
PACKAGE_TARNAME='libazftp'
PACKAGE_VERSION='0.1.0'
PATH_SEPARATOR=':'
RANLIB='ranlib'
SED='/bin/sed'
SET_MAKE=''
SHELL='/bin/sh'
STRIP='strip'
VERSION='0.1.0'
ac_ct_CC='gcc'
ac_ct_DUMPBIN=''
am__EXEEXT_FALSE=''
am__EXEEXT_TRUE='#'
am__fastdepCC_FALSE='#'
am__fastdepCC_TRUE=''
am__include='include'
am__isrc=''
am__leading_dot='.'
am__quote=''
am__tar='${AMTAR} chof - "$$tardir"'
am__untar='${AMTAR} xf -'
bindir='${exec_prefix}/bin'
build='x86_64-unknown-linux-gnu'
build_alias=''
build_cpu='x86_64'
build_os='linux-gnu'
build_vendor='unknown'
datadir='${datarootdir}'
datarootdir='${prefix}/share'
docdir='${datarootdir}/doc/${PACKAGE_TARNAME}'
dvidir='${docdir}'
exec_prefix='${prefix}'
host='x86_64-unknown-linux-gnu'
host_alias=''
host_cpu='x86_64'
host_os='linux-gnu'
host_vendor='unknown'
htmldir='${docdir}'
includedir='${prefix}/include'
infodir='${datarootdir}/info'
install_sh='${SHELL} /root/qiao/libazftp/install-sh'
libdir='${exec_prefix}/lib'
libexecdir='${exec_prefix}/libexec'
localedir='${datarootdir}/locale'
localstatedir='${prefix}/var'
lt_ECHO='echo'
lt_age='0'
lt_major='0'
lt_revision='1'
mandir='${datarootdir}/man'
mkdir_p='/bin/mkdir -p'
oldincludedir='/usr/include'
pdfdir='${docdir}'
prefix='/usr/local'
program_transform_name='s,x,x,'
psdir='${docdir}'
sbindir='${exec_prefix}/sbin'
sharedstatedir='${prefix}/com'
sysconfdir='${prefix}/etc'
target_alias=''

## ----------- ##
## confdefs.h. ##
## ----------- ##

#define PACKAGE_NAME "libazftp"
#define PACKAGE_TARNAME "libazftp"
#define PACKAGE_VERSION "0.1.0"
#define PACKAGE_STRING "libazftp 0.1.0"
#define PACKAGE_BUGREPORT "449273151@qq.com"
#define PACKAGE "libazftp"
#define VERSION "0.1.0"
#define STDC_HEADERS 1
#define HAVE_SYS_TYPES_H 1
#define HAVE_SYS_STAT_H 1
#define HAVE_STDLIB_H 1
#define HAVE_STRING_H 1
#define HAVE_MEMORY_H 1
#define HAVE_STRINGS_H 1
#define HAVE_INTTYPES_H 1
#define HAVE_STDINT_H 1
#define HAVE_UNISTD_H 1
#define HAVE_DLFCN_H 1
#define LT_OBJDIR ".libs/"
#define HAVE_LIBRT 1
#define HAVE_LIBDL 1
#define HAVE_LIBPTHREAD 1
#define HAVE_LIBAZMEMP 1
#define HAVE_LIBAZTOOLS 1
#define HAVE_LIBAZTOOLS 1
#define HAVE_LIBAZLIST 1
#define HAVE_LIBAZLOG 1
#define HAVE_LIBAZTASKP 1
#define PROJECT_HOME_URL "https://github.com/Dynasty-Az/libazftp"
#define AZ_MAJOR_VERSION 0
#define AZ_MINOR_VERSION 1
#define AZ_RELEASE_VERSION 0
#define AZ_BUILD_TIME 1617156257
#define AZ_PREFIX_PATH "/usr/local"
#define HAVE_ARPA_INET_H 1
#define HAVE_FCNTL_H 1
#define HAVE_MALLOC_H 1
#define HAVE_MNTENT_H 1
#define HAVE_NETINET_IN_H 1
#define HAVE_STDDEF_H 1
#define HAVE_STDINT_H 1
#define HAVE_STDLIB_H 1
#define HAVE_STRING_H 1
#define HAVE_SYS_IOCTL_H 1
#define HAVE_SYS_SOCKET_H 1
#define HAVE_SYS_STATFS_H 1
#define HAVE_SYS_TIME_H 1
#define HAVE_SYS_TIMEB_H 1
#define HAVE_UNISTD_H 1
#define HAVE_AZCTOOLS_AZ_MEMP_H 1
#define HAVE_AZCTOOLS_AZ_TOOLS_H 1
#define HAVE_AZCTOOLS_AZ_PLATFORM_H 1
#define HAVE_AZCTOOLS_AZ_LOG_H 1
#define HAVE_AZCTOOLS_AZ_LIST_H 1
#define HAVE_AZCTOOLS_AZ_TASKP_H 1
#define HAVE__BOOL 1
#define HAVE_STDBOOL_H 1
#define HAVE_GETPAGESIZE 1
#define HAVE_MALLOC 1
#define HAVE_MEMALIGN 1

configure: exit 0

## ---------------------- ##
## Running config.status. ##
## ---------------------- ##

This file was extended by libazftp config.status 0.1.0, which was
generated by GNU Autoconf 2.63.  Invocation command line was

  CONFIG_FILES    = 
  CONFIG_HEADERS  = 
  CONFIG_LINKS    = 
  CONFIG_COMMANDS = 
  $ ./config.status include/libazftpcnf.h

on rvp

config.status:1035: creating include/libazftpcnf.h
